#
# There is insufficient memory for the Java Runtime Environment to continue.
# Native memory allocation (malloc) failed to allocate 32744 bytes for ChunkPool::allocate
# Possible reasons:
#   The system is out of physical RAM or swap space
#   In 32 bit mode, the process size limit was hit
# Possible solutions:
#   Reduce memory load on the system
#   Increase physical memory or swap space
#   Check if swap backing store is full
#   Use 64 bit Java on a 64 bit OS
#   Decrease Java heap size (-Xmx/-Xms)
#   Decrease number of Java threads
#   Decrease Java thread stack sizes (-Xss)
#   Set larger code cache with -XX:ReservedCodeCacheSize=
# This output file may be truncated or incomplete.
#
#  Out of Memory Error (allocation.cpp:273), pid=3820, tid=0x0000000000002aa8
#
# JRE version: Java(TM) SE Runtime Environment (8.0_161-b12) (build 1.8.0_161-b12)
# Java VM: Java HotSpot(TM) 64-Bit Server VM (25.161-b12 mixed mode windows-amd64 compressed oops)
# Failed to write core dump. Minidumps are not enabled by default on client versions of Windows
#

---------------  T H R E A D  ---------------

Current thread (0x000000001d53f000):  JavaThread "C2 CompilerThread1" daemon [_thread_in_native, id=10920, stack(0x000000001dae0000,0x000000001dbe0000)]

Stack: [0x000000001dae0000,0x000000001dbe0000]
[error occurred during error reporting (printing stack bounds), id 0xc0000005]

Native frames: (J=compiled Java code, j=interpreted, Vv=VM code, C=native code)


Current CompileTask:
C2: 307287 6034   !   4       javax.swing.JComponent::_paintImmediately (891 bytes)


---------------  P R O C E S S  ---------------

Java Threads: ( => current thread )
  0x000000001f9e4800 JavaThread "AWT-EventQueue-0" [_thread_blocked, id=5552, stack(0x0000000021c80000,0x0000000021d80000)]
  0x000000001f9e7800 JavaThread "AWT-Shutdown" [_thread_blocked, id=7264, stack(0x0000000021b80000,0x0000000021c80000)]
  0x000000001f9e3000 JavaThread "TimerQueue" daemon [_thread_blocked, id=2336, stack(0x0000000021a80000,0x0000000021b80000)]
  0x000000001e908800 JavaThread "AWT-Windows" daemon [_thread_in_native, id=10100, stack(0x0000000020130000,0x0000000020230000)]
  0x000000001e663000 JavaThread "Java2D Disposer" daemon [_thread_blocked, id=6444, stack(0x000000001ff30000,0x0000000020030000)]
  0x000000001d5a2800 JavaThread "Service Thread" daemon [_thread_blocked, id=5940, stack(0x000000001dce0000,0x000000001dde0000)]
  0x000000001d541800 JavaThread "C1 CompilerThread2" daemon [_thread_blocked, id=3344, stack(0x000000001dbe0000,0x000000001dce0000)]
=>0x000000001d53f000 JavaThread "C2 CompilerThread1" daemon [_thread_in_native, id=10920, stack(0x000000001dae0000,0x000000001dbe0000)]
  0x000000001d53c800 JavaThread "C2 CompilerThread0" daemon [_thread_blocked, id=5916, stack(0x000000001d9e0000,0x000000001dae0000)]
  0x000000001d53a000 JavaThread "Monitor Ctrl-Break" daemon [_thread_in_native, id=3524, stack(0x000000001d8e0000,0x000000001d9e0000)]
  0x000000001be82800 JavaThread "Attach Listener" daemon [_thread_blocked, id=5728, stack(0x000000001d3e0000,0x000000001d4e0000)]
  0x000000001be81000 JavaThread "Signal Dispatcher" daemon [_thread_blocked, id=15640, stack(0x000000001d2e0000,0x000000001d3e0000)]
  0x000000001be70000 JavaThread "Finalizer" daemon [_thread_blocked, id=3000, stack(0x000000001d0e0000,0x000000001d1e0000)]
  0x0000000002925800 JavaThread "Reference Handler" daemon [_thread_blocked, id=1240, stack(0x000000001cfe0000,0x000000001d0e0000)]
  0x0000000002836000 JavaThread "main" [_thread_in_native, id=7420, stack(0x0000000002630000,0x0000000002730000)]

Other Threads:
  0x000000001be48800 VMThread [stack: 0x000000001cee0000,0x000000001cfe0000] [id=10852]
  0x000000001d61a000 WatcherThread [stack: 0x000000001dde0000,0x000000001dee0000] [id=1380]

VM state:not at safepoint (normal execution)

VM Mutex/Monitor currently owned by a thread: None

Heap:
 PSYoungGen      total 102912K, used 61860K [0x000000076b800000, 0x0000000775e80000, 0x00000007c0000000)
  eden space 42496K, 32% used [0x000000076b800000,0x000000076c57d4a0,0x000000076e180000)
  from space 60416K, 79% used [0x000000076e200000,0x00000007710ebd08,0x0000000771d00000)
  to   space 64000K, 0% used [0x0000000772000000,0x0000000772000000,0x0000000775e80000)
 ParOldGen       total 99840K, used 62291K [0x00000006c2800000, 0x00000006c8980000, 0x000000076b800000)
  object space 99840K, 62% used [0x00000006c2800000,0x00000006c64d4df0,0x00000006c8980000)
 Metaspace       used 32452K, capacity 32856K, committed 33152K, reserved 1079296K
  class space    used 3737K, capacity 3865K, committed 3968K, reserved 1048576K

Card table byte_map: [0x0000000011cf0000,0x00000000124e0000] byte_map_base: 0x000000000e6dc000

Marking Bits: (ParMarkBitMap*) 0x000000005418f860
 Begin Bits: [0x0000000012e30000, 0x0000000016d90000)
 End Bits:   [0x0000000016d90000, 0x000000001acf0000)

Polling page: 0x00000000007a0000

CodeCache: size=245760Kb used=17442Kb max_used=17442Kb free=228318Kb
 bounds [0x0000000002930000, 0x0000000003a60000, 0x0000000011930000]
 total_blobs=5646 nmethods=5013 adapters=543
 compilation: enabled

Compilation events (10 events):
Event: 303.473 Thread 0x000000001d541800 nmethod 6033 0x0000000003a501d0 code [0x0000000003a503a0, 0x0000000003a50b18]
Event: 306.759 Thread 0x000000001d53f000 6034   !   4       javax.swing.JComponent::_paintImmediately (891 bytes)
Event: 307.074 Thread 0x000000001d541800 6035  s    3       com.jagacy.framework.g::do (133 bytes)
Event: 307.076 Thread 0x000000001d541800 nmethod 6035 0x0000000003a4d010 code [0x0000000003a4d380, 0x0000000003a4f278]
Event: 307.076 Thread 0x000000001d541800 6036  s    3       com.jagacy.tn3270.h::if (57 bytes)
Event: 307.076 Thread 0x000000001d541800 nmethod 6036 0x0000000003a47510 code [0x0000000003a476a0, 0x0000000003a47bc8]
Event: 307.076 Thread 0x000000001d541800 6037       3       com.jagacy.tn3270.h::for (278 bytes)
Event: 307.077 Thread 0x000000001d541800 nmethod 6037 0x0000000003a54110 code [0x0000000003a54400, 0x0000000003a55b08]
Event: 307.077 Thread 0x000000001d541800 6038       3       com.jagacy.tn3270.h::i (83 bytes)
Event: 307.078 Thread 0x000000001d541800 nmethod 6038 0x0000000003a4c290 code [0x0000000003a4c4a0, 0x0000000003a4cbf8]

GC Heap History (10 events):
Event: 232.924 GC heap before
{Heap before GC invocations=14 (full 1):
 PSYoungGen      total 97280K, used 89503K [0x000000076b800000, 0x0000000774800000, 0x00000007c0000000)
  eden space 53760K, 100% used [0x000000076b800000,0x000000076ec80000,0x000000076ec80000)
  from space 43520K, 82% used [0x0000000771980000,0x0000000773c67fe8,0x0000000774400000)
  to   space 46080K, 0% used [0x000000076ec80000,0x000000076ec80000,0x0000000771980000)
 ParOldGen       total 99840K, used 62267K [0x00000006c2800000, 0x00000006c8980000, 0x000000076b800000)
  object space 99840K, 62% used [0x00000006c2800000,0x00000006c64cedf0,0x00000006c8980000)
 Metaspace       used 32314K, capacity 32728K, committed 33152K, reserved 1079296K
  class space    used 3737K, capacity 3865K, committed 3968K, reserved 1048576K
Event: 232.935 GC heap after
Heap after GC invocations=14 (full 1):
 PSYoungGen      total 99328K, used 33032K [0x000000076b800000, 0x0000000774800000, 0x00000007c0000000)
  eden space 53248K, 0% used [0x000000076b800000,0x000000076b800000,0x000000076ec00000)
  from space 46080K, 71% used [0x000000076ec80000,0x0000000770cc2058,0x0000000771980000)
  to   space 47104K, 0% used [0x0000000771a00000,0x0000000771a00000,0x0000000774800000)
 ParOldGen       total 99840K, used 62275K [0x00000006c2800000, 0x00000006c8980000, 0x000000076b800000)
  object space 99840K, 62% used [0x00000006c2800000,0x00000006c64d0df0,0x00000006c8980000)
 Metaspace       used 32314K, capacity 32728K, committed 33152K, reserved 1079296K
  class space    used 3737K, capacity 3865K, committed 3968K, reserved 1048576K
}
Event: 245.625 GC heap before
{Heap before GC invocations=15 (full 1):
 PSYoungGen      total 99328K, used 86280K [0x000000076b800000, 0x0000000774800000, 0x00000007c0000000)
  eden space 53248K, 100% used [0x000000076b800000,0x000000076ec00000,0x000000076ec00000)
  from space 46080K, 71% used [0x000000076ec80000,0x0000000770cc2058,0x0000000771980000)
  to   space 47104K, 0% used [0x0000000771a00000,0x0000000771a00000,0x0000000774800000)
 ParOldGen       total 99840K, used 62275K [0x00000006c2800000, 0x00000006c8980000, 0x000000076b800000)
  object space 99840K, 62% used [0x00000006c2800000,0x00000006c64d0df0,0x00000006c8980000)
 Metaspace       used 32342K, capacity 32728K, committed 33152K, reserved 1079296K
  class space    used 3737K, capacity 3865K, committed 3968K, reserved 1048576K
Event: 245.641 GC heap after
Heap after GC invocations=15 (full 1):
 PSYoungGen      total 95744K, used 44306K [0x000000076b800000, 0x0000000775080000, 0x00000007c0000000)
  eden space 48640K, 0% used [0x000000076b800000,0x000000076b800000,0x000000076e780000)
  from space 47104K, 94% used [0x0000000771a00000,0x0000000774544aa8,0x0000000774800000)
  to   space 51712K, 0% used [0x000000076e780000,0x000000076e780000,0x0000000771a00000)
 ParOldGen       total 99840K, used 62283K [0x00000006c2800000, 0x00000006c8980000, 0x000000076b800000)
  object space 99840K, 62% used [0x00000006c2800000,0x00000006c64d2df0,0x00000006c8980000)
 Metaspace       used 32342K, capacity 32728K, committed 33152K, reserved 1079296K
  class space    used 3737K, capacity 3865K, committed 3968K, reserved 1048576K
}
Event: 269.996 GC heap before
{Heap before GC invocations=16 (full 1):
 PSYoungGen      total 95744K, used 88380K [0x000000076b800000, 0x0000000775080000, 0x00000007c0000000)
  eden space 48640K, 90% used [0x000000076b800000,0x000000076e30a680,0x000000076e780000)
  from space 47104K, 94% used [0x0000000771a00000,0x0000000774544aa8,0x0000000774800000)
  to   space 51712K, 0% used [0x000000076e780000,0x000000076e780000,0x0000000771a00000)
 ParOldGen       total 99840K, used 62283K [0x00000006c2800000, 0x00000006c8980000, 0x000000076b800000)
  object space 99840K, 62% used [0x00000006c2800000,0x00000006c64d2df0,0x00000006c8980000)
 Metaspace       used 32381K, capacity 32792K, committed 33152K, reserved 1079296K
  class space    used 3737K, capacity 3865K, committed 3968K, reserved 1048576K
Event: 270.007 GC heap after
Heap after GC invocations=16 (full 1):
 PSYoungGen      total 99840K, used 44112K [0x000000076b800000, 0x0000000775300000, 0x00000007c0000000)
  eden space 48128K, 0% used [0x000000076b800000,0x000000076b800000,0x000000076e700000)
  from space 51712K, 85% used [0x000000076e780000,0x0000000771294208,0x0000000771a00000)
  to   space 55296K, 0% used [0x0000000771d00000,0x0000000771d00000,0x0000000775300000)
 ParOldGen       total 99840K, used 62291K [0x00000006c2800000, 0x00000006c8980000, 0x000000076b800000)
  object space 99840K, 62% used [0x00000006c2800000,0x00000006c64d4df0,0x00000006c8980000)
 Metaspace       used 32381K, capacity 32792K, committed 33152K, reserved 1079296K
  class space    used 3737K, capacity 3865K, committed 3968K, reserved 1048576K
}
Event: 282.436 GC heap before
{Heap before GC invocations=17 (full 1):
 PSYoungGen      total 99840K, used 92240K [0x000000076b800000, 0x0000000775300000, 0x00000007c0000000)
  eden space 48128K, 100% used [0x000000076b800000,0x000000076e700000,0x000000076e700000)
  from space 51712K, 85% used [0x000000076e780000,0x0000000771294208,0x0000000771a00000)
  to   space 55296K, 0% used [0x0000000771d00000,0x0000000771d00000,0x0000000775300000)
 ParOldGen       total 99840K, used 62291K [0x00000006c2800000, 0x00000006c8980000, 0x000000076b800000)
  object space 99840K, 62% used [0x00000006c2800000,0x00000006c64d4df0,0x00000006c8980000)
 Metaspace       used 32401K, capacity 32856K, committed 33152K, reserved 1079296K
  class space    used 3737K, capacity 3865K, committed 3968K, reserved 1048576K
Event: 282.450 GC heap after
Heap after GC invocations=17 (full 1):
 PSYoungGen      total 98304K, used 50147K [0x000000076b800000, 0x0000000775c80000, 0x00000007c0000000)
  eden space 43008K, 0% used [0x000000076b800000,0x000000076b800000,0x000000076e200000)
  from space 55296K, 90% used [0x0000000771d00000,0x0000000774df8f88,0x0000000775300000)
  to   space 60416K, 0% used [0x000000076e200000,0x000000076e200000,0x0000000771d00000)
 ParOldGen       total 99840K, used 62291K [0x00000006c2800000, 0x00000006c8980000, 0x000000076b800000)
  object space 99840K, 62% used [0x00000006c2800000,0x00000006c64d4df0,0x00000006c8980000)
 Metaspace       used 32401K, capacity 32856K, committed 33152K, reserved 1079296K
  class space    used 3737K, capacity 3865K, committed 3968K, reserved 1048576K
}
Event: 295.334 GC heap before
{Heap before GC invocations=18 (full 1):
 PSYoungGen      total 98304K, used 93155K [0x000000076b800000, 0x0000000775c80000, 0x00000007c0000000)
  eden space 43008K, 100% used [0x000000076b800000,0x000000076e200000,0x000000076e200000)
  from space 55296K, 90% used [0x0000000771d00000,0x0000000774df8f88,0x0000000775300000)
  to   space 60416K, 0% used [0x000000076e200000,0x000000076e200000,0x0000000771d00000)
 ParOldGen       total 99840K, used 62291K [0x00000006c2800000, 0x00000006c8980000, 0x000000076b800000)
  object space 99840K, 62% used [0x00000006c2800000,0x00000006c64d4df0,0x00000006c8980000)
 Metaspace       used 32418K, capacity 32856K, committed 33152K, reserved 1079296K
  class space    used 3737K, capacity 3865K, committed 3968K, reserved 1048576K
Event: 295.346 GC heap after
Heap after GC invocations=18 (full 1):
 PSYoungGen      total 102912K, used 48047K [0x000000076b800000, 0x0000000775e80000, 0x00000007c0000000)
  eden space 42496K, 0% used [0x000000076b800000,0x000000076b800000,0x000000076e180000)
  from space 60416K, 79% used [0x000000076e200000,0x00000007710ebd08,0x0000000771d00000)
  to   space 64000K, 0% used [0x0000000772000000,0x0000000772000000,0x0000000775e80000)
 ParOldGen       total 99840K, used 62291K [0x00000006c2800000, 0x00000006c8980000, 0x000000076b800000)
  object space 99840K, 62% used [0x00000006c2800000,0x00000006c64d4df0,0x00000006c8980000)
 Metaspace       used 32418K, capacity 32856K, committed 33152K, reserved 1079296K
  class space    used 3737K, capacity 3865K, committed 3968K, reserved 1048576K
}

Deoptimization events (10 events):
Event: 96.725 Thread 0x0000000002836000 Uncommon trap: reason=class_check action=maybe_recompile pc=0x000000000362acc0 method=org.openxmlformats.schemas.spreadsheetml.x2006.main.impl.CTCellImpl.getR()Ljava/lang/String; @ 20
Event: 96.725 Thread 0x0000000002836000 Uncommon trap: reason=class_check action=maybe_recompile pc=0x000000000362acc0 method=org.openxmlformats.schemas.spreadsheetml.x2006.main.impl.CTCellImpl.getR()Ljava/lang/String; @ 20
Event: 96.725 Thread 0x0000000002836000 Uncommon trap: reason=class_check action=maybe_recompile pc=0x000000000362acc0 method=org.openxmlformats.schemas.spreadsheetml.x2006.main.impl.CTCellImpl.getR()Ljava/lang/String; @ 20
Event: 96.725 Thread 0x0000000002836000 Uncommon trap: reason=class_check action=maybe_recompile pc=0x000000000362acc0 method=org.openxmlformats.schemas.spreadsheetml.x2006.main.impl.CTCellImpl.getR()Ljava/lang/String; @ 20
Event: 147.133 Thread 0x000000001f9e6800 Uncommon trap: reason=range_check action=make_not_entrant pc=0x000000000383defc method=java.awt.image.DirectColorModel.setFields()V @ 65
Event: 147.164 Thread 0x000000001f9e6800 Uncommon trap: reason=range_check action=make_not_entrant pc=0x0000000003835924 method=java.awt.image.DirectColorModel.setFields()V @ 65
Event: 148.275 Thread 0x000000001f9e4800 Uncommon trap: reason=unstable_if action=reinterpret pc=0x0000000002e267b8 method=java.util.concurrent.locks.ReentrantLock$Sync.nonfairTryAcquire(I)Z @ 19
Event: 184.427 Thread 0x0000000002836000 Uncommon trap: reason=predicate action=maybe_recompile pc=0x00000000038e7374 method=java.lang.String.regionMatches(ZILjava/lang/String;II)Z @ 63
Event: 220.707 Thread 0x0000000002836000 Uncommon trap: reason=null_check action=make_not_entrant pc=0x000000000383ef48 method=org.apache.xmlbeans.impl.store.Saver.addNewFrameMapping(Ljava/lang/String;Ljava/lang/String;Z)V @ 68
Event: 221.151 Thread 0x0000000002836000 Uncommon trap: reason=null_check action=make_not_entrant pc=0x000000000394b0e8 method=javax.swing.plaf.nimbus.NimbusStyle.isOpaque(Ljavax/swing/plaf/synth/SynthContext;)Z @ 9

Classes redefined (0 events):
No events

Internal exceptions (10 events):
Event: 295.550 Thread 0x0000000002836000 Exception <a 'java/lang/ClassNotFoundException': ToolBarSeparator> (0x000000076be5bbf0) thrown at [C:\re\workspace\8-2-build-windows-amd64-cygwin\jdk8u161\10277\hotspot\src\share\vm\classfile\systemDictionary.cpp, line 210]
Event: 295.550 Thread 0x0000000002836000 Exception <a 'java/lang/ClassNotFoundException': ToolTip> (0x000000076be5c470) thrown at [C:\re\workspace\8-2-build-windows-amd64-cygwin\jdk8u161\10277\hotspot\src\share\vm\classfile\systemDictionary.cpp, line 210]
Event: 295.550 Thread 0x0000000002836000 Exception <a 'java/lang/ClassNotFoundException': Tree> (0x000000076be5cce8) thrown at [C:\re\workspace\8-2-build-windows-amd64-cygwin\jdk8u161\10277\hotspot\src\share\vm\classfile\systemDictionary.cpp, line 210]
Event: 295.550 Thread 0x0000000002836000 Exception <a 'java/lang/ClassNotFoundException': Tree> (0x000000076be5d5c8) thrown at [C:\re\workspace\8-2-build-windows-amd64-cygwin\jdk8u161\10277\hotspot\src\share\vm\classfile\systemDictionary.cpp, line 210]
Event: 295.550 Thread 0x0000000002836000 Exception <a 'java/lang/ClassNotFoundException': javax/swing/JTreeCell> (0x000000076be5db30) thrown at [C:\re\workspace\8-2-build-windows-amd64-cygwin\jdk8u161\10277\hotspot\src\share\vm\classfile\systemDictionary.cpp, line 210]
Event: 295.550 Thread 0x0000000002836000 Exception <a 'java/lang/ClassNotFoundException': TreeCell> (0x000000076be5e1a0) thrown at [C:\re\workspace\8-2-build-windows-amd64-cygwin\jdk8u161\10277\hotspot\src\share\vm\classfile\systemDictionary.cpp, line 210]
Event: 295.550 Thread 0x0000000002836000 Exception <a 'java/lang/ClassNotFoundException': RootPane> (0x000000076be5eba8) thrown at [C:\re\workspace\8-2-build-windows-amd64-cygwin\jdk8u161\10277\hotspot\src\share\vm\classfile\systemDictionary.cpp, line 210]
Event: 300.688 Thread 0x0000000002836000 Exception <a 'java/net/SocketTimeoutException': Read timed out> (0x000000076c34a570) thrown at [C:\re\workspace\8-2-build-windows-amd64-cygwin\jdk8u161\10277\hotspot\src\share\vm\prims\jni.cpp, line 735]
Event: 302.814 Thread 0x0000000002836000 Exception <a 'java/net/SocketTimeoutException': Read timed out> (0x000000076c423980) thrown at [C:\re\workspace\8-2-build-windows-amd64-cygwin\jdk8u161\10277\hotspot\src\share\vm\prims\jni.cpp, line 735]
Event: 306.473 Thread 0x0000000002836000 Exception <a 'java/net/SocketTimeoutException': Read timed out> (0x000000076c49f7e0) thrown at [C:\re\workspace\8-2-build-windows-amd64-cygwin\jdk8u161\10277\hotspot\src\share\vm\prims\jni.cpp, line 735]

Events (10 events):
Event: 300.901 Thread 0x000000001f9e5000 Thread exited: 0x000000001f9e5000
Event: 300.901 Executing VM operation: RevokeBias
Event: 300.902 Executing VM operation: RevokeBias done
Event: 300.902 Thread 0x000000001f9e2000 Thread exited: 0x000000001f9e2000
Event: 300.909 Executing VM operation: RevokeBias
Event: 300.910 Executing VM operation: RevokeBias done
Event: 300.910 Thread 0x000000001f9e6000 Thread exited: 0x000000001f9e6000
Event: 300.934 Executing VM operation: RevokeBias
Event: 300.934 Executing VM operation: RevokeBias done
Event: 300.935 Thread 0x000000001f9e1800 Thread exited: 0x000000001f9e1800


Dynamic libraries:
0x00007ff6db750000 - 0x00007ff6db787000 	C:\Program Files\Java\jdk1.8.0_161\bin\java.exe
0x00007ff837080000 - 0x00007ff83726d000 	C:\WINDOWS\SYSTEM32\ntdll.dll
0x00007ff836360000 - 0x00007ff836413000 	C:\WINDOWS\System32\KERNEL32.DLL
0x00007ff833f10000 - 0x00007ff8341a3000 	C:\WINDOWS\System32\KERNELBASE.dll
0x0000000055b60000 - 0x0000000055bf5000 	C:\WINDOWS\System32\SYSFER.DLL
0x00007ff8346a0000 - 0x00007ff834743000 	C:\WINDOWS\System32\ADVAPI32.dll
0x00007ff834a20000 - 0x00007ff834abe000 	C:\WINDOWS\System32\msvcrt.dll
0x00007ff8362c0000 - 0x00007ff83635e000 	C:\WINDOWS\System32\sechost.dll
0x00007ff8348f0000 - 0x00007ff834a12000 	C:\WINDOWS\System32\RPCRT4.dll
0x00007ff834750000 - 0x00007ff8348e7000 	C:\WINDOWS\System32\USER32.dll
0x00007ff833320000 - 0x00007ff833340000 	C:\WINDOWS\System32\win32u.dll
0x00007ff837020000 - 0x00007ff837049000 	C:\WINDOWS\System32\GDI32.dll
0x00007ff833ac0000 - 0x00007ff833c5a000 	C:\WINDOWS\System32\gdi32full.dll
0x00007ff833280000 - 0x00007ff833320000 	C:\WINDOWS\System32\msvcp_win.dll
0x00007ff8341b0000 - 0x00007ff8342aa000 	C:\WINDOWS\System32\ucrtbase.dll
0x00007ff821640000 - 0x00007ff8218b9000 	C:\WINDOWS\WinSxS\amd64_microsoft.windows.common-controls_6595b64144ccf1df_6.0.17763.557_none_05b63f68071e5b9f\COMCTL32.dll
0x00007ff834370000 - 0x00007ff83469c000 	C:\WINDOWS\System32\combase.dll
0x00007ff8331b0000 - 0x00007ff83322e000 	C:\WINDOWS\System32\bcryptPrimitives.dll
0x00007ff834ac0000 - 0x00007ff834aee000 	C:\WINDOWS\System32\IMM32.DLL
0x0000000000750000 - 0x0000000000761000 	C:\WINDOWS\System32\umppc9106.dll
0x0000000054210000 - 0x00000000542e2000 	C:\Program Files\Java\jdk1.8.0_161\jre\bin\msvcr100.dll
0x0000000053970000 - 0x000000005420f000 	C:\Program Files\Java\jdk1.8.0_161\jre\bin\server\jvm.dll
0x00007ff836240000 - 0x00007ff836248000 	C:\WINDOWS\System32\PSAPI.DLL
0x00007ff81ef50000 - 0x00007ff81ef59000 	C:\WINDOWS\SYSTEM32\WSOCK32.dll
0x00007ff836250000 - 0x00007ff8362bd000 	C:\WINDOWS\System32\WS2_32.dll
0x00007ff82b320000 - 0x00007ff82b344000 	C:\WINDOWS\SYSTEM32\WINMM.dll
0x00007ff831850000 - 0x00007ff83185a000 	C:\WINDOWS\SYSTEM32\VERSION.dll
0x00007ff82b2f0000 - 0x00007ff82b31d000 	C:\WINDOWS\SYSTEM32\WINMMBASE.dll
0x00007ff833230000 - 0x00007ff83327a000 	C:\WINDOWS\System32\cfgmgr32.dll
0x0000000053960000 - 0x000000005396f000 	C:\Program Files\Java\jdk1.8.0_161\jre\bin\verify.dll
0x0000000053930000 - 0x0000000053959000 	C:\Program Files\Java\jdk1.8.0_161\jre\bin\java.dll
0x0000000054800000 - 0x0000000054823000 	C:\Program Files\Java\jdk1.8.0_161\jre\bin\instrument.dll
0x0000000053910000 - 0x0000000053926000 	C:\Program Files\Java\jdk1.8.0_161\jre\bin\zip.dll
0x00007ff834af0000 - 0x00007ff835fe0000 	C:\WINDOWS\System32\SHELL32.dll
0x00007ff835fe0000 - 0x00007ff836088000 	C:\WINDOWS\System32\shcore.dll
0x00007ff833370000 - 0x00007ff833aba000 	C:\WINDOWS\System32\windows.storage.dll
0x00007ff833100000 - 0x00007ff833124000 	C:\WINDOWS\System32\profapi.dll
0x00007ff833080000 - 0x00007ff8330dd000 	C:\WINDOWS\System32\powrprof.dll
0x00007ff8361d0000 - 0x00007ff836222000 	C:\WINDOWS\System32\shlwapi.dll
0x00007ff8330e0000 - 0x00007ff8330f1000 	C:\WINDOWS\System32\kernel.appcore.dll
0x00007ff833e40000 - 0x00007ff833e57000 	C:\WINDOWS\System32\cryptsp.dll
0x00007ff82c6a0000 - 0x00007ff82c6ba000 	C:\Program Files\JetBrains\IntelliJ IDEA Community Edition 2018.3.4\bin\breakgen64.dll
0x00000000538f0000 - 0x000000005390a000 	C:\Program Files\Java\jdk1.8.0_161\jre\bin\net.dll
0x00007ff832900000 - 0x00007ff832967000 	C:\WINDOWS\system32\mswsock.dll
0x00007ff8324c0000 - 0x00007ff8324f3000 	C:\WINDOWS\system32\rsaenh.dll
0x00007ff833340000 - 0x00007ff833366000 	C:\WINDOWS\System32\bcrypt.dll
0x00007ff832fb0000 - 0x00007ff832fd8000 	C:\WINDOWS\SYSTEM32\USERENV.dll
0x00007ff832ad0000 - 0x00007ff832adc000 	C:\WINDOWS\SYSTEM32\CRYPTBASE.dll
0x00007ff832660000 - 0x00007ff83269d000 	C:\WINDOWS\SYSTEM32\IPHLPAPI.DLL
0x00007ff8361c0000 - 0x00007ff8361c8000 	C:\WINDOWS\System32\NSI.dll
0x00007ff82db10000 - 0x00007ff82db26000 	C:\WINDOWS\SYSTEM32\dhcpcsvc6.DLL
0x00007ff82daf0000 - 0x00007ff82db0c000 	C:\WINDOWS\SYSTEM32\dhcpcsvc.DLL
0x00007ff8326a0000 - 0x00007ff832766000 	C:\WINDOWS\SYSTEM32\DNSAPI.dll
0x00000000538d0000 - 0x00000000538e1000 	C:\Program Files\Java\jdk1.8.0_161\jre\bin\nio.dll
0x0000000054660000 - 0x00000000547f8000 	C:\Program Files\Java\jdk1.8.0_161\jre\bin\awt.dll
0x00007ff836420000 - 0x00007ff8364e4000 	C:\WINDOWS\System32\OLEAUT32.dll
0x00007ff830df0000 - 0x00007ff830e7c000 	C:\WINDOWS\SYSTEM32\apphelp.dll
0x00007ff831560000 - 0x00007ff83158e000 	C:\WINDOWS\system32\DWMAPI.DLL
0x00007ff833c60000 - 0x00007ff833e3b000 	C:\WINDOWS\System32\CRYPT32.dll
0x00007ff833130000 - 0x00007ff833142000 	C:\WINDOWS\System32\MSASN1.dll
0x00007ff830f20000 - 0x00007ff830fbc000 	C:\WINDOWS\system32\uxtheme.dll
0x00007ff80e4e0000 - 0x00007ff80e607000 	C:\WINDOWS\system32\opengl32.dll
0x00007ff80e350000 - 0x00007ff80e37c000 	C:\WINDOWS\SYSTEM32\GLU32.dll
0x00007ff836d60000 - 0x00007ff836ecb000 	C:\WINDOWS\System32\MSCTF.dll
0x00007ff836720000 - 0x00007ff836875000 	C:\WINDOWS\System32\ole32.dll
0x00007ff81ffe0000 - 0x00007ff820009000 	C:\Users\abks580\AppData\Local\Temp\BridJExtractedLibraries7224821888044780128\bridj.dll
0x00000000681c0000 - 0x0000000068224000 	C:\Users\abks580\AppData\Roaming\Sikulix\SikulixLibs_201510081336\VisionProxy.dll
0x0000000061440000 - 0x000000006145a000 	C:\Users\abks580\AppData\Roaming\Sikulix\SikulixLibs_201510081336\libgcc_s_seh-1.dll
0x000000006fc40000 - 0x000000006fd2a000 	C:\Users\abks580\AppData\Roaming\Sikulix\SikulixLibs_201510081336\libstdc++-6.dll
0x00000000631c0000 - 0x0000000063295000 	C:\Users\abks580\AppData\Roaming\Sikulix\SikulixLibs_201510081336\libopencv_highgui248.dll
0x0000000065d80000 - 0x0000000065fd7000 	C:\Users\abks580\AppData\Roaming\Sikulix\SikulixLibs_201510081336\libopencv_imgproc248.dll
0x000000006fd80000 - 0x000000006ff7e000 	C:\Users\abks580\AppData\Roaming\Sikulix\SikulixLibs_201510081336\libopencv_core248.dll
0x0000000068a00000 - 0x0000000068d9e000 	C:\Users\abks580\AppData\Roaming\Sikulix\SikulixLibs_201510081336\libtesseract-3.dll
0x0000000064940000 - 0x0000000064955000 	C:\Users\abks580\AppData\Roaming\Sikulix\SikulixLibs_201510081336\libwinpthread-1.dll
0x000000006ef80000 - 0x000000006f135000 	C:\Users\abks580\AppData\Roaming\Sikulix\SikulixLibs_201510081336\liblept-3.dll
0x0000000061a00000 - 0x0000000061a32000 	C:\Users\abks580\AppData\Roaming\Sikulix\SikulixLibs_201510081336\libpng14-14.dll
0x0000000065500000 - 0x0000000065523000 	C:\Users\abks580\AppData\Roaming\Sikulix\SikulixLibs_201510081336\libz-1.dll
0x00007ff8262e0000 - 0x00007ff8262f6000 	C:\WINDOWS\system32\napinsp.dll
0x00007ff826310000 - 0x00007ff82632a000 	C:\WINDOWS\system32\pnrpnsp.dll
0x00007ff8263d0000 - 0x00007ff8263de000 	C:\WINDOWS\System32\winrnr.dll
0x00007ff830c10000 - 0x00007ff830c2b000 	C:\WINDOWS\system32\NLAapi.dll
0x00007ff82bdf0000 - 0x00007ff82be05000 	C:\WINDOWS\system32\wshbth.dll
0x00007ff8289b0000 - 0x00007ff8289ba000 	C:\Windows\System32\rasadhlp.dll
0x00007ff82eae0000 - 0x00007ff82eb59000 	C:\WINDOWS\System32\fwpuclnt.dll
0x0000000054590000 - 0x00000000545b4000 	C:\Program Files\Java\jdk1.8.0_161\jre\bin\sunec.dll
0x0000000054580000 - 0x000000005458b000 	C:\Program Files\Java\jdk1.8.0_161\jre\bin\sunmscapi.dll
0x0000000054610000 - 0x0000000054657000 	C:\Program Files\Java\jdk1.8.0_161\jre\bin\fontmanager.dll
0x0000000054540000 - 0x0000000054571000 	C:\Program Files\Java\jdk1.8.0_161\jre\bin\jpeg.dll
0x00000000545c0000 - 0x0000000054602000 	C:\Program Files\Java\jdk1.8.0_161\jre\bin\t2k.dll
0x00007ff8257e0000 - 0x00007ff825875000 	C:\WINDOWS\System32\TextInputFramework.dll
0x00007ff82a9a0000 - 0x00007ff82acc2000 	C:\WINDOWS\System32\CoreUIComponents.dll
0x00007ff830470000 - 0x00007ff830552000 	C:\WINDOWS\System32\CoreMessaging.dll
0x00007ff832140000 - 0x00007ff832171000 	C:\WINDOWS\SYSTEM32\ntmarta.dll
0x00007ff82ec20000 - 0x00007ff82ed73000 	C:\WINDOWS\SYSTEM32\wintypes.dll
0x0000000054510000 - 0x000000005453a000 	C:\Program Files\Java\jdk1.8.0_161\jre\bin\dcpr.dll

VM Arguments:
jvm_args: -ea -Didea.test.cyclic.buffer.size=1048576 -javaagent:C:\Program Files\JetBrains\IntelliJ IDEA Community Edition 2018.3.4\lib\idea_rt.jar=55264:C:\Program Files\JetBrains\IntelliJ IDEA Community Edition 2018.3.4\bin -Dfile.encoding=UTF-8 
java_command: org.testng.RemoteTestNGStarter -usedefaultlisteners false -socket55263 @w@C:\Users\abks580\AppData\Local\Temp\idea_working_dirs_testng.tmp -temp C:\Users\abks580\AppData\Local\Temp\idea_testng.tmp
java_class_path (initial): C:\Program Files\JetBrains\IntelliJ IDEA Community Edition 2018.3.4\lib\idea_rt.jar;C:\Program Files\JetBrains\IntelliJ IDEA Community Edition 2018.3.4\plugins\testng\lib\testng-plugin.jar;C:\Program Files\Java\jdk1.8.0_161\jre\lib\charsets.jar;C:\Program Files\Java\jdk1.8.0_161\jre\lib\deploy.jar;C:\Program Files\Java\jdk1.8.0_161\jre\lib\ext\access-bridge-64.jar;C:\Program Files\Java\jdk1.8.0_161\jre\lib\ext\cldrdata.jar;C:\Program Files\Java\jdk1.8.0_161\jre\lib\ext\dnsns.jar;C:\Program Files\Java\jdk1.8.0_161\jre\lib\ext\jaccess.jar;C:\Program Files\Java\jdk1.8.0_161\jre\lib\ext\jfxrt.jar;C:\Program Files\Java\jdk1.8.0_161\jre\lib\ext\localedata.jar;C:\Program Files\Java\jdk1.8.0_161\jre\lib\ext\nashorn.jar;C:\Program Files\Java\jdk1.8.0_161\jre\lib\ext\sunec.jar;C:\Program Files\Java\jdk1.8.0_161\jre\lib\ext\sunjce_provider.jar;C:\Program Files\Java\jdk1.8.0_161\jre\lib\ext\sunmscapi.jar;C:\Program Files\Java\jdk1.8.0_161\jre\lib\ext\sunpkcs11.jar;C:\Program Files\Java\jdk1.8.0_161\jre\lib\ext\zipfs.jar;C:\Program Files\Java\jdk1.8.0_161\jre\lib\javaws.jar;C:\Program Files\Java\jdk1.8.0_161\jre\lib\jce.jar;C:\Program Files\Java\jdk1.8.0_161\jre\lib\jfr.jar;C:\Program Files\Java\jdk1.8.0_161\jre\lib\jfxswt.jar;C:\Program Files\Java\jdk1.8.0_161\jre\lib\jsse.jar;C:\Program Files\Java\jdk1.8.0_161\jre\lib\management-agent.jar;C:\Program Files\Java\jdk1.8.0_161\jre\lib\plugin.jar;C:\Program Files\Java\jdk1.8.0_161\jre\lib\resources.jar;C:\Program Files\Java\jdk1.8.0_161\jre\lib\rt.jar;C:\Users\abks580\Documents\Data Automation\TestDataManagementAutomationFrawork\target\classes;C:\Users\abks580\.m2\repository\org\apache\poi\poi\3.17\poi-3.17.jar;C:\Users\abks580\.m2\repository\commons-codec\commons-codec\1.10\commons-codec-1.10.jar;C:\Users\abks580\.m2\repository\org\apache\commons\commons-collections4\4.1\commons-collections4-4.1.jar;C:\Users\abks580\.m2\repository\org\apache\poi\poi-ooxml\3.17\poi-ooxml-3.17.jar;C:\Users\abks580\.m2\re
Launcher Type: SUN_STANDARD

Environment Variables:
PATH=C:\Users\abks580\AppData\Roaming\Sikulix\SikulixLibs_201510081336;C:\Program Files (x86)\Common Files\Oracle\Java\javapath;C:\ProgramData\Oracle\Java\javapath;C:\WINDOWS\system32;C:\WINDOWS;C:\WINDOWS\System32\Wbem;C:\WINDOWS\System32\WindowsPowerShell\v1.0\;C:\WINDOWS\System32\OpenSSH\;C:\WINDOWS\CCM;C:\Program Files (x86)\WebEx\Productivity Tools;C:\Program Files (x86)\Sennheiser\SoftphoneSDK\;C:\Program Files (x86)\Tesseract-OCR;C:\Program Files\SASHome_grid\x86\Secure\ccme4;C:\Program Files\SASHome_grid\Secure\ccme4;C:\Program Files (x86)\HP\Unified Functional Testing\bin;C:\WINDOWS\system32\config\systemprofile\AppData\Local\Microsoft\WindowsApps;C:\Program Files (x86)\Adaptiva\AdaptivaClient\bin\x32;C:\Program Files (x86)\Adaptiva\AdaptivaClient\bin\x64;C:\Users\abks580\AppData\Local\Microsoft\WindowsApps;C:\Program Files\Java\jdk1.8.0_161\bin;C:\Program Files\maven\bin;
USERNAME=ABKS580
OS=Windows_NT
PROCESSOR_IDENTIFIER=Intel64 Family 6 Model 142 Stepping 9, GenuineIntel



---------------  S Y S T E M  ---------------

OS: Windows 10.0 , 64 bit Build 17763 (10.0.17763.475)

CPU:total 4 (initial active 4) (2 cores per cpu, 2 threads per core) family 6 model 142 stepping 9, cmov, cx8, fxsr, mmx, sse, sse2, sse3, ssse3, sse4.1, sse4.2, popcnt, avx, avx2, aes, clmul, erms, rtm, 3dnowpref, lzcnt, ht, tsc, tscinvbit, bmi1, bmi2, adx

Memory: 4k page, physical 16612172k(1295936k free), swap 32121032k(3120k free)

vm_info: Java HotSpot(TM) 64-Bit Server VM (25.161-b12) for windows-amd64 JRE (1.8.0_161-b12), built on Dec 19 2017 17:52:25 by "java_re" with MS VC++ 10.0 (VS2010)

time: Fri Jul 19 14:17:41 2019
elapsed time: 307 seconds (0d 0h 5m 7s)

